<?xml version="1.0" encoding="UTF-8"?>
<!-- Generated by org.testng.reporters.JUnitXMLReporter -->
<testsuite hostname="LAPTOP-GTLG16TP" ignored="0" name="Default test" tests="5" failures="0" timestamp="29 Jun 2018 23:58:04 GMT" time="39.679" errors="0">
  <testcase name="addToCart" time="2.288" classname="TestPackage.OrderConfirmationTest"/>
  <testcase name="proceedToCheckOut" time="1.384" classname="TestPackage.OrderConfirmationTest"/>
  <testcase name="checkoutPage" time="3.772" classname="TestPackage.OrderConfirmationTest"/>
  <testcase name="guestCheckout" time="6.868" classname="TestPackage.OrderConfirmationTest"/>
  <testcase name="OrderConfirmation" time="7.67" classname="TestPackage.OrderConfirmationTest"/>
</testsuite> <!-- Default test -->
