<?xml version="1.0" encoding="UTF-8"?>
<testng-results skipped="0" failed="0" ignored="0" total="5" passed="5">
  <reporter-output>
  </reporter-output>
  <suite name="Suite" duration-ms="48208" started-at="2018-06-30T07:46:08Z" finished-at="2018-06-30T07:46:56Z">
    <groups>
    </groups>
    <test name="OrderConfirmation" duration-ms="48208" started-at="2018-06-30T07:46:08Z" finished-at="2018-06-30T07:46:56Z">
      <class name="TestPackage.OrderConfirmationTest">
        <test-method status="PASS" signature="basepage()[pri:0, instance:TestPackage.OrderConfirmationTest@66a3ffec]" name="basepage" is-config="true" duration-ms="21056" started-at="2018-06-30T07:46:08Z" finished-at="2018-06-30T07:46:29Z">
          <reporter-output>
          </reporter-output>
        </test-method> <!-- basepage -->
        <test-method status="PASS" signature="addToCart()[pri:0, instance:TestPackage.OrderConfirmationTest@66a3ffec]" name="addToCart" duration-ms="4289" started-at="2018-06-30T07:46:29Z" finished-at="2018-06-30T07:46:33Z">
          <reporter-output>
          </reporter-output>
        </test-method> <!-- addToCart -->
        <test-method status="PASS" signature="proceedToCheckOut()[pri:1, instance:TestPackage.OrderConfirmationTest@66a3ffec]" name="proceedToCheckOut" duration-ms="1572" started-at="2018-06-30T07:46:33Z" finished-at="2018-06-30T07:46:35Z">
          <reporter-output>
          </reporter-output>
        </test-method> <!-- proceedToCheckOut -->
        <test-method status="PASS" signature="checkoutPage()[pri:2, instance:TestPackage.OrderConfirmationTest@66a3ffec]" name="checkoutPage" duration-ms="3071" started-at="2018-06-30T07:46:35Z" finished-at="2018-06-30T07:46:38Z">
          <reporter-output>
          </reporter-output>
        </test-method> <!-- checkoutPage -->
        <test-method status="PASS" signature="guestCheckout()[pri:3, instance:TestPackage.OrderConfirmationTest@66a3ffec]" name="guestCheckout" duration-ms="8525" started-at="2018-06-30T07:46:38Z" finished-at="2018-06-30T07:46:47Z">
          <reporter-output>
          </reporter-output>
        </test-method> <!-- guestCheckout -->
        <test-method status="PASS" signature="OrderConfirmation()[pri:4, instance:TestPackage.OrderConfirmationTest@66a3ffec]" name="OrderConfirmation" duration-ms="9080" started-at="2018-06-30T07:46:47Z" finished-at="2018-06-30T07:46:56Z">
          <reporter-output>
          </reporter-output>
        </test-method> <!-- OrderConfirmation -->
        <test-method status="PASS" signature="teardown()[pri:0, instance:TestPackage.OrderConfirmationTest@66a3ffec]" name="teardown" is-config="true" duration-ms="572" started-at="2018-06-30T07:46:56Z" finished-at="2018-06-30T07:46:56Z">
          <reporter-output>
          </reporter-output>
        </test-method> <!-- teardown -->
      </class> <!-- TestPackage.OrderConfirmationTest -->
    </test> <!-- OrderConfirmation -->
  </suite> <!-- Suite -->
</testng-results>
